[2024-11-04 23:19:36] main.INFO: Starting worker 7263ace3cd2f:716:default {"type":"start","worker":"7263ace3cd2f:716:default"} []
[2024-11-04 23:19:37] main.INFO: Starting worker 7263ace3cd2f:732:prio {"type":"start","worker":"7263ace3cd2f:732:prio"} []
[2024-11-04 23:19:37] main.INFO: Starting worker 7263ace3cd2f:748:cache {"type":"start","worker":"7263ace3cd2f:748:cache"} []
[2024-11-04 23:19:37] main.INFO: Starting worker 7263ace3cd2f:764:email {"type":"start","worker":"7263ace3cd2f:764:email"} []
[2024-11-04 23:19:38] main.INFO: Starting worker 7263ace3cd2f:780:update {"type":"start","worker":"7263ace3cd2f:780:update"} []
[2024-11-04 23:20:08] main.INFO: got {"queue":"update","id":"45aaf189f786f2492a91e25f38dfee29","class":"AdminShell","args":[["runUpdates",1]]} {"type":"got","args":"[object] (Resque_Job: {\"queue\":\"update\",\"id\":\"45aaf189f786f2492a91e25f38dfee29\",\"class\":\"AdminShell\",\"args\":[[\"runUpdates\",1]]})","worker":"7263ace3cd2f:780"} []
[2024-11-04 23:20:08] main.INFO: Processing ID:45aaf189f786f2492a91e25f38dfee29 in update {"type":"process","worker":"7263ace3cd2f:780","job_id":"45aaf189f786f2492a91e25f38dfee29"} []
[2024-11-04 23:20:20] main.INFO: done ID:45aaf189f786f2492a91e25f38dfee29 {"type":"done","job_id":"45aaf189f786f2492a91e25f38dfee29","time":11849,"worker":"7263ace3cd2f:780"} []
[2024-11-04 23:20:20] main.INFO: got {"queue":"update","id":"16533f40d37586fbaa2fc5e13a43aa4e","class":"AdminShell","args":[["runUpdates",2]]} {"type":"got","args":"[object] (Resque_Job: {\"queue\":\"update\",\"id\":\"16533f40d37586fbaa2fc5e13a43aa4e\",\"class\":\"AdminShell\",\"args\":[[\"runUpdates\",2]]})","worker":"7263ace3cd2f:780"} []
[2024-11-04 23:20:20] main.INFO: Processing ID:16533f40d37586fbaa2fc5e13a43aa4e in update {"type":"process","worker":"7263ace3cd2f:780","job_id":"16533f40d37586fbaa2fc5e13a43aa4e"} []
[2024-11-04 23:20:20] main.INFO: done ID:16533f40d37586fbaa2fc5e13a43aa4e {"type":"done","job_id":"16533f40d37586fbaa2fc5e13a43aa4e","time":169,"worker":"7263ace3cd2f:780"} []
[2024-11-04 23:20:21] main.INFO: got {"queue":"default","id":"5cf185540860d50499dd6ff8da78c13a","class":"AdminShell","args":[["truncateTable",0,"Legacy",3]]} {"type":"got","args":"[object] (Resque_Job: {\"queue\":\"default\",\"id\":\"5cf185540860d50499dd6ff8da78c13a\",\"class\":\"AdminShell\",\"args\":[[\"truncateTable\",0,\"Legacy\",3]]})","worker":"7263ace3cd2f:716"} []
[2024-11-04 23:20:21] main.INFO: Processing ID:5cf185540860d50499dd6ff8da78c13a in default {"type":"process","worker":"7263ace3cd2f:716","job_id":"5cf185540860d50499dd6ff8da78c13a"} []
[2024-11-04 23:20:21] main.INFO: done ID:5cf185540860d50499dd6ff8da78c13a {"type":"done","job_id":"5cf185540860d50499dd6ff8da78c13a","time":141,"worker":"7263ace3cd2f:716"} []
[2024-11-04 23:20:21] main.INFO: got {"queue":"default","id":"55c4876e3429b25ee0c6b5ec69fc2b0e","class":"AdminShell","args":[["jobGenerateCorrelation",4]]} {"type":"got","args":"[object] (Resque_Job: {\"queue\":\"default\",\"id\":\"55c4876e3429b25ee0c6b5ec69fc2b0e\",\"class\":\"AdminShell\",\"args\":[[\"jobGenerateCorrelation\",4]]})","worker":"7263ace3cd2f:716"} []
[2024-11-04 23:20:21] main.INFO: Processing ID:55c4876e3429b25ee0c6b5ec69fc2b0e in default {"type":"process","worker":"7263ace3cd2f:716","job_id":"55c4876e3429b25ee0c6b5ec69fc2b0e"} []
[2024-11-04 23:20:22] main.INFO: done ID:55c4876e3429b25ee0c6b5ec69fc2b0e {"type":"done","job_id":"55c4876e3429b25ee0c6b5ec69fc2b0e","time":164,"worker":"7263ace3cd2f:716"} []
[2024-11-04 23:46:50] main.INFO: Starting worker 7263ace3cd2f:298:default {"type":"start","worker":"7263ace3cd2f:298:default"} []
[2024-11-04 23:46:52] main.INFO: Starting worker 7263ace3cd2f:314:prio {"type":"start","worker":"7263ace3cd2f:314:prio"} []
[2024-11-04 23:46:54] main.INFO: Starting worker 7263ace3cd2f:330:cache {"type":"start","worker":"7263ace3cd2f:330:cache"} []
[2024-11-04 23:46:56] main.INFO: Starting worker 7263ace3cd2f:346:email {"type":"start","worker":"7263ace3cd2f:346:email"} []
[2024-11-04 23:46:58] main.INFO: Starting worker 7263ace3cd2f:362:update {"type":"start","worker":"7263ace3cd2f:362:update"} []
