[2024-11-12 01:55:24] main.INFO: Starting worker 8600d23e6f8c:495:default {"type":"start","worker":"8600d23e6f8c:495:default"} []
[2024-11-12 01:55:24] main.INFO: Starting worker 8600d23e6f8c:511:prio {"type":"start","worker":"8600d23e6f8c:511:prio"} []
[2024-11-12 01:55:25] main.INFO: Starting worker 8600d23e6f8c:527:cache {"type":"start","worker":"8600d23e6f8c:527:cache"} []
[2024-11-12 01:55:25] main.INFO: Starting worker 8600d23e6f8c:543:email {"type":"start","worker":"8600d23e6f8c:543:email"} []
[2024-11-12 01:55:26] main.INFO: Starting worker 8600d23e6f8c:559:update {"type":"start","worker":"8600d23e6f8c:559:update"} []
[2024-11-12 02:02:10] main.ALERT: Redis exception caught: read error on connection to redis:6379 {"type":"fail","log":"read error on connection to redis:6379","time":1731376930,"worker":"8600d23e6f8c:527"} []
[2024-11-12 02:07:57] main.INFO: Starting worker d6ae8056fea4:512:default {"type":"start","worker":"d6ae8056fea4:512:default"} []
[2024-11-12 02:07:58] main.INFO: Starting worker d6ae8056fea4:528:prio {"type":"start","worker":"d6ae8056fea4:528:prio"} []
[2024-11-12 02:07:58] main.INFO: Starting worker d6ae8056fea4:544:cache {"type":"start","worker":"d6ae8056fea4:544:cache"} []
[2024-11-12 02:07:59] main.INFO: Starting worker d6ae8056fea4:560:email {"type":"start","worker":"d6ae8056fea4:560:email"} []
[2024-11-12 02:07:59] main.INFO: Starting worker d6ae8056fea4:576:update {"type":"start","worker":"d6ae8056fea4:576:update"} []
[2024-11-12 02:09:38] main.ALERT: Redis exception caught: Connection lost {"type":"fail","log":"Connection lost","time":1731377378,"worker":"d6ae8056fea4:544"} []
[2024-11-12 02:09:43] main.ALERT: Redis exception caught: Redis server redis:6379 went away {"type":"fail","log":"Redis server redis:6379 went away","time":1731377383,"worker":"d6ae8056fea4:544"} []
[2024-11-12 02:13:41] main.INFO: Starting worker dd07784afe63:493:default {"type":"start","worker":"dd07784afe63:493:default"} []
[2024-11-12 02:13:41] main.INFO: Starting worker dd07784afe63:509:prio {"type":"start","worker":"dd07784afe63:509:prio"} []
[2024-11-12 02:13:42] main.INFO: Starting worker dd07784afe63:525:cache {"type":"start","worker":"dd07784afe63:525:cache"} []
[2024-11-12 02:13:42] main.INFO: Starting worker dd07784afe63:541:email {"type":"start","worker":"dd07784afe63:541:email"} []
[2024-11-12 02:13:43] main.INFO: Starting worker dd07784afe63:557:update {"type":"start","worker":"dd07784afe63:557:update"} []
[2024-11-12 02:15:37] main.ALERT: Redis exception caught: Connection lost {"type":"fail","log":"Connection lost","time":1731377737,"worker":"dd07784afe63:525"} []
[2024-11-12 02:15:42] main.ALERT: Redis exception caught: Redis server redis:6379 went away {"type":"fail","log":"Redis server redis:6379 went away","time":1731377742,"worker":"dd07784afe63:525"} []
[2024-11-12 02:21:42] main.INFO: Starting worker 38d0ebbd9535:519:default {"type":"start","worker":"38d0ebbd9535:519:default"} []
[2024-11-12 02:21:42] main.INFO: Starting worker 38d0ebbd9535:535:prio {"type":"start","worker":"38d0ebbd9535:535:prio"} []
[2024-11-12 02:21:43] main.INFO: Starting worker 38d0ebbd9535:551:cache {"type":"start","worker":"38d0ebbd9535:551:cache"} []
[2024-11-12 02:21:43] main.INFO: Starting worker 38d0ebbd9535:567:email {"type":"start","worker":"38d0ebbd9535:567:email"} []
[2024-11-12 02:21:44] main.INFO: Starting worker 38d0ebbd9535:583:update {"type":"start","worker":"38d0ebbd9535:583:update"} []
[2024-11-12 02:38:36] main.INFO: Starting worker 0d472f0f4c79:498:default {"type":"start","worker":"0d472f0f4c79:498:default"} []
[2024-11-12 02:38:36] main.INFO: Starting worker 0d472f0f4c79:514:prio {"type":"start","worker":"0d472f0f4c79:514:prio"} []
[2024-11-12 02:38:37] main.INFO: Starting worker 0d472f0f4c79:530:cache {"type":"start","worker":"0d472f0f4c79:530:cache"} []
[2024-11-12 02:38:37] main.INFO: Starting worker 0d472f0f4c79:546:email {"type":"start","worker":"0d472f0f4c79:546:email"} []
[2024-11-12 02:38:38] main.INFO: Starting worker 0d472f0f4c79:562:update {"type":"start","worker":"0d472f0f4c79:562:update"} []
[2024-11-12 02:43:58] main.ALERT: Redis exception caught: Connection lost {"type":"fail","log":"Connection lost","time":1731379438,"worker":"0d472f0f4c79:562"} []
[2024-11-12 02:46:52] main.INFO: Starting worker bcdf4f4f94a3:427:default {"type":"start","worker":"bcdf4f4f94a3:427:default"} []
[2024-11-12 02:46:52] main.INFO: Starting worker bcdf4f4f94a3:443:prio {"type":"start","worker":"bcdf4f4f94a3:443:prio"} []
[2024-11-12 02:46:53] main.INFO: Starting worker bcdf4f4f94a3:459:cache {"type":"start","worker":"bcdf4f4f94a3:459:cache"} []
[2024-11-12 02:46:53] main.INFO: Starting worker bcdf4f4f94a3:475:email {"type":"start","worker":"bcdf4f4f94a3:475:email"} []
[2024-11-12 02:46:54] main.INFO: Starting worker bcdf4f4f94a3:491:update {"type":"start","worker":"bcdf4f4f94a3:491:update"} []
[2024-11-12 02:51:30] main.INFO: Starting worker 8aa965dd6a7a:408:default {"type":"start","worker":"8aa965dd6a7a:408:default"} []
[2024-11-12 02:51:31] main.INFO: Starting worker 8aa965dd6a7a:424:prio {"type":"start","worker":"8aa965dd6a7a:424:prio"} []
[2024-11-12 02:51:31] main.INFO: Starting worker 8aa965dd6a7a:440:cache {"type":"start","worker":"8aa965dd6a7a:440:cache"} []
[2024-11-12 02:51:32] main.INFO: Starting worker 8aa965dd6a7a:456:email {"type":"start","worker":"8aa965dd6a7a:456:email"} []
[2024-11-12 02:53:51] main.INFO: Starting worker b79a443f0cf7:396:default {"type":"start","worker":"b79a443f0cf7:396:default"} []
[2024-11-12 02:53:51] main.INFO: Starting worker b79a443f0cf7:412:prio {"type":"start","worker":"b79a443f0cf7:412:prio"} []
[2024-11-12 02:53:52] main.INFO: Starting worker b79a443f0cf7:428:cache {"type":"start","worker":"b79a443f0cf7:428:cache"} []
[2024-11-12 02:53:52] main.INFO: Starting worker b79a443f0cf7:444:email {"type":"start","worker":"b79a443f0cf7:444:email"} []
[2024-11-12 02:53:53] main.INFO: Starting worker b79a443f0cf7:460:update {"type":"start","worker":"b79a443f0cf7:460:update"} []
[2024-11-12 03:01:25] main.INFO: Starting worker 42da9dcdb137:439:default {"type":"start","worker":"42da9dcdb137:439:default"} []
[2024-11-12 03:01:25] main.INFO: Starting worker 42da9dcdb137:455:prio {"type":"start","worker":"42da9dcdb137:455:prio"} []
[2024-11-12 03:01:26] main.INFO: Starting worker 42da9dcdb137:471:cache {"type":"start","worker":"42da9dcdb137:471:cache"} []
[2024-11-12 03:01:26] main.INFO: Starting worker 42da9dcdb137:487:email {"type":"start","worker":"42da9dcdb137:487:email"} []
[2024-11-12 03:01:27] main.INFO: Starting worker 42da9dcdb137:503:update {"type":"start","worker":"42da9dcdb137:503:update"} []
[2024-11-12 03:07:52] main.INFO: Starting worker 40926e856e03:475:default {"type":"start","worker":"40926e856e03:475:default"} []
[2024-11-12 03:07:52] main.INFO: Starting worker 40926e856e03:491:prio {"type":"start","worker":"40926e856e03:491:prio"} []
[2024-11-12 03:07:53] main.INFO: Starting worker 40926e856e03:507:cache {"type":"start","worker":"40926e856e03:507:cache"} []
[2024-11-12 03:07:53] main.INFO: Starting worker 40926e856e03:523:email {"type":"start","worker":"40926e856e03:523:email"} []
[2024-11-12 03:07:54] main.INFO: Starting worker 40926e856e03:539:update {"type":"start","worker":"40926e856e03:539:update"} []
[2024-11-12 03:12:15] main.INFO: Starting worker 7cd36cd332fa:552:default {"type":"start","worker":"7cd36cd332fa:552:default"} []
[2024-11-12 03:12:15] main.INFO: Starting worker 7cd36cd332fa:568:prio {"type":"start","worker":"7cd36cd332fa:568:prio"} []
[2024-11-12 03:12:16] main.INFO: Starting worker 7cd36cd332fa:584:cache {"type":"start","worker":"7cd36cd332fa:584:cache"} []
[2024-11-12 03:12:16] main.INFO: Starting worker 7cd36cd332fa:600:email {"type":"start","worker":"7cd36cd332fa:600:email"} []
[2024-11-12 03:12:17] main.INFO: Starting worker 7cd36cd332fa:616:update {"type":"start","worker":"7cd36cd332fa:616:update"} []
[2024-11-12 03:19:06] main.INFO: Starting worker 66490e9bd2ad:460:default {"type":"start","worker":"66490e9bd2ad:460:default"} []
[2024-11-12 03:19:06] main.INFO: Starting worker 66490e9bd2ad:476:prio {"type":"start","worker":"66490e9bd2ad:476:prio"} []
[2024-11-12 03:19:07] main.INFO: Starting worker 66490e9bd2ad:492:cache {"type":"start","worker":"66490e9bd2ad:492:cache"} []
[2024-11-12 03:19:07] main.INFO: Starting worker 66490e9bd2ad:508:email {"type":"start","worker":"66490e9bd2ad:508:email"} []
[2024-11-12 03:19:08] main.INFO: Starting worker 66490e9bd2ad:524:update {"type":"start","worker":"66490e9bd2ad:524:update"} []
[2024-11-12 03:27:51] main.INFO: Starting worker d6521a71f432:457:default {"type":"start","worker":"d6521a71f432:457:default"} []
[2024-11-12 03:27:51] main.INFO: Starting worker d6521a71f432:473:prio {"type":"start","worker":"d6521a71f432:473:prio"} []
[2024-11-12 03:27:51] main.INFO: Starting worker d6521a71f432:489:cache {"type":"start","worker":"d6521a71f432:489:cache"} []
[2024-11-12 03:27:52] main.INFO: Starting worker d6521a71f432:505:email {"type":"start","worker":"d6521a71f432:505:email"} []
[2024-11-12 03:27:52] main.INFO: Starting worker d6521a71f432:521:update {"type":"start","worker":"d6521a71f432:521:update"} []
[2024-11-12 03:40:51] main.INFO: Starting worker 19889dd8f685:508:default {"type":"start","worker":"19889dd8f685:508:default"} []
[2024-11-12 03:40:52] main.INFO: Starting worker 19889dd8f685:524:prio {"type":"start","worker":"19889dd8f685:524:prio"} []
[2024-11-12 03:40:52] main.INFO: Starting worker 19889dd8f685:540:cache {"type":"start","worker":"19889dd8f685:540:cache"} []
[2024-11-12 03:40:53] main.INFO: Starting worker 19889dd8f685:556:email {"type":"start","worker":"19889dd8f685:556:email"} []
[2024-11-12 03:40:53] main.INFO: Starting worker 19889dd8f685:572:update {"type":"start","worker":"19889dd8f685:572:update"} []
[2024-11-12 03:50:00] main.INFO: Starting worker b346b2b9ecff:455:default {"type":"start","worker":"b346b2b9ecff:455:default"} []
[2024-11-12 03:50:01] main.INFO: Starting worker b346b2b9ecff:471:prio {"type":"start","worker":"b346b2b9ecff:471:prio"} []
[2024-11-12 03:50:01] main.INFO: Starting worker b346b2b9ecff:487:cache {"type":"start","worker":"b346b2b9ecff:487:cache"} []
[2024-11-12 03:50:02] main.INFO: Starting worker b346b2b9ecff:503:email {"type":"start","worker":"b346b2b9ecff:503:email"} []
[2024-11-12 03:50:02] main.INFO: Starting worker b346b2b9ecff:519:update {"type":"start","worker":"b346b2b9ecff:519:update"} []
[2024-11-12 04:06:49] main.INFO: Starting worker 1df7a839fc44:479:default {"type":"start","worker":"1df7a839fc44:479:default"} []
[2024-11-12 04:06:50] main.INFO: Starting worker 1df7a839fc44:495:prio {"type":"start","worker":"1df7a839fc44:495:prio"} []
[2024-11-12 04:06:50] main.INFO: Starting worker 1df7a839fc44:511:cache {"type":"start","worker":"1df7a839fc44:511:cache"} []
[2024-11-12 04:06:50] main.INFO: Starting worker 1df7a839fc44:527:email {"type":"start","worker":"1df7a839fc44:527:email"} []
[2024-11-12 04:06:51] main.INFO: Starting worker 1df7a839fc44:543:update {"type":"start","worker":"1df7a839fc44:543:update"} []
[2024-11-12 04:18:31] main.INFO: Starting worker 9863f587e901:463:default {"type":"start","worker":"9863f587e901:463:default"} []
[2024-11-12 04:18:32] main.INFO: Starting worker 9863f587e901:479:prio {"type":"start","worker":"9863f587e901:479:prio"} []
[2024-11-12 04:18:33] main.INFO: Starting worker 9863f587e901:495:cache {"type":"start","worker":"9863f587e901:495:cache"} []
[2024-11-12 04:18:33] main.INFO: Starting worker 9863f587e901:511:email {"type":"start","worker":"9863f587e901:511:email"} []
[2024-11-12 04:18:34] main.INFO: Starting worker 9863f587e901:527:update {"type":"start","worker":"9863f587e901:527:update"} []
[2024-11-12 04:19:27] main.ALERT: Redis exception caught: read error on connection to redis:6379 {"type":"fail","log":"read error on connection to redis:6379","time":1731385167,"worker":"9863f587e901:479"} []
[2024-11-12 04:19:27] main.ALERT: Redis exception caught: read error on connection to redis:6379 {"type":"fail","log":"read error on connection to redis:6379","time":1731385167,"worker":"9863f587e901:463"} []
[2024-11-12 04:19:28] main.ALERT: Redis exception caught: Connection lost {"type":"fail","log":"Connection lost","time":1731385168,"worker":"9863f587e901:511"} []
[2024-11-12 04:19:29] main.ALERT: Redis exception caught: Connection lost {"type":"fail","log":"Connection lost","time":1731385169,"worker":"9863f587e901:495"} []
[2024-11-12 04:19:29] main.ALERT: Redis exception caught: Connection lost {"type":"fail","log":"Connection lost","time":1731385169,"worker":"9863f587e901:527"} []
[2024-11-12 04:19:33] main.ALERT: Redis exception caught: Redis server redis:6379 went away {"type":"fail","log":"Redis server redis:6379 went away","time":1731385173,"worker":"9863f587e901:511"} []
[2024-11-12 04:19:34] main.ALERT: Redis exception caught: Redis server redis:6379 went away {"type":"fail","log":"Redis server redis:6379 went away","time":1731385174,"worker":"9863f587e901:495"} []
[2024-11-12 04:19:34] main.ALERT: Redis exception caught: Redis server redis:6379 went away {"type":"fail","log":"Redis server redis:6379 went away","time":1731385174,"worker":"9863f587e901:527"} []
[2024-11-12 04:36:11] main.INFO: Starting worker 1bd7694fee4a:468:default {"type":"start","worker":"1bd7694fee4a:468:default"} []
[2024-11-12 04:36:11] main.INFO: Starting worker 1bd7694fee4a:484:prio {"type":"start","worker":"1bd7694fee4a:484:prio"} []
[2024-11-12 04:36:12] main.INFO: Starting worker 1bd7694fee4a:500:cache {"type":"start","worker":"1bd7694fee4a:500:cache"} []
[2024-11-12 04:36:12] main.INFO: Starting worker 1bd7694fee4a:516:email {"type":"start","worker":"1bd7694fee4a:516:email"} []
[2024-11-12 04:36:12] main.INFO: Starting worker 1bd7694fee4a:532:update {"type":"start","worker":"1bd7694fee4a:532:update"} []
[2024-11-12 04:37:51] main.ALERT: Redis exception caught: Connection lost {"type":"fail","log":"Connection lost","time":1731386271,"worker":"1bd7694fee4a:484"} []
[2024-11-12 04:37:56] main.ALERT: Redis exception caught: Redis server redis:6379 went away {"type":"fail","log":"Redis server redis:6379 went away","time":1731386276,"worker":"1bd7694fee4a:484"} []
[2024-11-12 04:44:26] main.INFO: Starting worker f3dc394b1b51:361:default {"type":"start","worker":"f3dc394b1b51:361:default"} []
[2024-11-12 04:44:27] main.INFO: Starting worker f3dc394b1b51:377:prio {"type":"start","worker":"f3dc394b1b51:377:prio"} []
[2024-11-12 04:44:27] main.INFO: Starting worker f3dc394b1b51:393:cache {"type":"start","worker":"f3dc394b1b51:393:cache"} []
[2024-11-12 04:44:28] main.INFO: Starting worker f3dc394b1b51:409:email {"type":"start","worker":"f3dc394b1b51:409:email"} []
[2024-11-12 04:44:28] main.INFO: Starting worker f3dc394b1b51:425:update {"type":"start","worker":"f3dc394b1b51:425:update"} []
[2024-11-12 05:00:42] main.INFO: Starting worker 27e9f8e26e28:472:default {"type":"start","worker":"27e9f8e26e28:472:default"} []
[2024-11-12 05:00:42] main.INFO: Starting worker 27e9f8e26e28:488:prio {"type":"start","worker":"27e9f8e26e28:488:prio"} []
[2024-11-12 05:00:43] main.INFO: Starting worker 27e9f8e26e28:504:cache {"type":"start","worker":"27e9f8e26e28:504:cache"} []
[2024-11-12 05:00:43] main.INFO: Starting worker 27e9f8e26e28:520:email {"type":"start","worker":"27e9f8e26e28:520:email"} []
[2024-11-12 05:00:44] main.INFO: Starting worker 27e9f8e26e28:536:update {"type":"start","worker":"27e9f8e26e28:536:update"} []
[2024-11-12 12:31:24] main.INFO: Starting worker 27e9f8e26e28:298:default {"type":"start","worker":"27e9f8e26e28:298:default"} []
[2024-11-12 12:31:24] main.INFO: Starting worker 27e9f8e26e28:314:prio {"type":"start","worker":"27e9f8e26e28:314:prio"} []
[2024-11-12 12:31:25] main.INFO: Starting worker 27e9f8e26e28:330:cache {"type":"start","worker":"27e9f8e26e28:330:cache"} []
[2024-11-12 12:31:26] main.INFO: Starting worker 27e9f8e26e28:346:email {"type":"start","worker":"27e9f8e26e28:346:email"} []
[2024-11-12 12:31:27] main.INFO: Starting worker 27e9f8e26e28:362:update {"type":"start","worker":"27e9f8e26e28:362:update"} []
[2024-11-12 12:47:01] main.INFO: Starting worker 42f445eb498d:457:default {"type":"start","worker":"42f445eb498d:457:default"} []
[2024-11-12 12:47:02] main.INFO: Starting worker 42f445eb498d:473:prio {"type":"start","worker":"42f445eb498d:473:prio"} []
[2024-11-12 12:47:02] main.INFO: Starting worker 42f445eb498d:489:cache {"type":"start","worker":"42f445eb498d:489:cache"} []
[2024-11-12 12:47:03] main.INFO: Starting worker 42f445eb498d:505:email {"type":"start","worker":"42f445eb498d:505:email"} []
[2024-11-12 12:47:03] main.INFO: Starting worker 42f445eb498d:521:update {"type":"start","worker":"42f445eb498d:521:update"} []
[2024-11-12 12:57:06] main.INFO: Starting worker e59b4d76883b:474:default {"type":"start","worker":"e59b4d76883b:474:default"} []
[2024-11-12 12:57:06] main.INFO: Starting worker e59b4d76883b:490:prio {"type":"start","worker":"e59b4d76883b:490:prio"} []
[2024-11-12 12:57:07] main.INFO: Starting worker e59b4d76883b:506:cache {"type":"start","worker":"e59b4d76883b:506:cache"} []
[2024-11-12 12:57:07] main.INFO: Starting worker e59b4d76883b:522:email {"type":"start","worker":"e59b4d76883b:522:email"} []
[2024-11-12 12:57:08] main.INFO: Starting worker e59b4d76883b:538:update {"type":"start","worker":"e59b4d76883b:538:update"} []
[2024-11-12 13:01:33] main.INFO: Starting worker 5500976bde51:467:default {"type":"start","worker":"5500976bde51:467:default"} []
[2024-11-12 13:01:33] main.INFO: Starting worker 5500976bde51:483:prio {"type":"start","worker":"5500976bde51:483:prio"} []
[2024-11-12 13:01:34] main.INFO: Starting worker 5500976bde51:499:cache {"type":"start","worker":"5500976bde51:499:cache"} []
[2024-11-12 13:01:34] main.INFO: Starting worker 5500976bde51:515:email {"type":"start","worker":"5500976bde51:515:email"} []
[2024-11-12 13:01:35] main.INFO: Starting worker 5500976bde51:531:update {"type":"start","worker":"5500976bde51:531:update"} []
[2024-11-12 13:08:18] main.INFO: Starting worker 373a9da6fc1c:495:default {"type":"start","worker":"373a9da6fc1c:495:default"} []
[2024-11-12 13:08:19] main.INFO: Starting worker 373a9da6fc1c:511:prio {"type":"start","worker":"373a9da6fc1c:511:prio"} []
[2024-11-12 13:08:19] main.INFO: Starting worker 373a9da6fc1c:527:cache {"type":"start","worker":"373a9da6fc1c:527:cache"} []
[2024-11-12 13:08:19] main.INFO: Starting worker 373a9da6fc1c:543:email {"type":"start","worker":"373a9da6fc1c:543:email"} []
[2024-11-12 13:08:20] main.INFO: Starting worker 373a9da6fc1c:559:update {"type":"start","worker":"373a9da6fc1c:559:update"} []
[2024-11-12 13:14:09] main.INFO: Starting worker 380010af5795:487:default {"type":"start","worker":"380010af5795:487:default"} []
[2024-11-12 13:14:10] main.INFO: Starting worker 380010af5795:503:prio {"type":"start","worker":"380010af5795:503:prio"} []
[2024-11-12 13:14:10] main.INFO: Starting worker 380010af5795:519:cache {"type":"start","worker":"380010af5795:519:cache"} []
[2024-11-12 13:14:11] main.INFO: Starting worker 380010af5795:535:email {"type":"start","worker":"380010af5795:535:email"} []
[2024-11-12 13:14:11] main.INFO: Starting worker 380010af5795:551:update {"type":"start","worker":"380010af5795:551:update"} []
[2024-11-12 13:16:35] main.ALERT: Redis exception caught: read error on connection to redis:6379 {"type":"fail","log":"read error on connection to redis:6379","time":1731417395,"worker":"380010af5795:503"} []
[2024-11-12 13:20:21] main.INFO: Starting worker 49d0a1d06439:479:default {"type":"start","worker":"49d0a1d06439:479:default"} []
[2024-11-12 13:20:21] main.INFO: Starting worker 49d0a1d06439:495:prio {"type":"start","worker":"49d0a1d06439:495:prio"} []
[2024-11-12 13:20:22] main.INFO: Starting worker 49d0a1d06439:511:cache {"type":"start","worker":"49d0a1d06439:511:cache"} []
[2024-11-12 13:20:22] main.INFO: Starting worker 49d0a1d06439:527:email {"type":"start","worker":"49d0a1d06439:527:email"} []
[2024-11-12 13:20:23] main.INFO: Starting worker 49d0a1d06439:543:update {"type":"start","worker":"49d0a1d06439:543:update"} []
[2024-11-12 13:53:09] main.ALERT: Redis exception caught: read error on connection to redis:6379 {"type":"fail","log":"read error on connection to redis:6379","time":1731419588,"worker":"49d0a1d06439:495"} []
[2024-11-12 13:53:10] main.ALERT: Redis exception caught: Connection lost {"type":"fail","log":"Connection lost","time":1731419590,"worker":"49d0a1d06439:527"} []
[2024-11-12 13:53:10] main.ALERT: Redis exception caught: Connection lost {"type":"fail","log":"Connection lost","time":1731419590,"worker":"49d0a1d06439:511"} []
[2024-11-12 13:53:10] main.ALERT: Redis exception caught: Connection lost {"type":"fail","log":"Connection lost","time":1731419590,"worker":"49d0a1d06439:543"} []
[2024-11-12 13:53:15] main.ALERT: Redis exception caught: Redis server redis:6379 went away {"type":"fail","log":"Redis server redis:6379 went away","time":1731419595,"worker":"49d0a1d06439:527"} []
[2024-11-12 13:53:15] main.ALERT: Redis exception caught: Redis server redis:6379 went away {"type":"fail","log":"Redis server redis:6379 went away","time":1731419595,"worker":"49d0a1d06439:511"} []
[2024-11-12 13:53:15] main.ALERT: Redis exception caught: Redis server redis:6379 went away {"type":"fail","log":"Redis server redis:6379 went away","time":1731419595,"worker":"49d0a1d06439:543"} []
[2024-11-12 13:56:11] main.INFO: Starting worker 49d0a1d06439:341:default {"type":"start","worker":"49d0a1d06439:341:default"} []
[2024-11-12 13:56:12] main.INFO: Starting worker 49d0a1d06439:357:prio {"type":"start","worker":"49d0a1d06439:357:prio"} []
[2024-11-12 13:56:13] main.INFO: Starting worker 49d0a1d06439:373:cache {"type":"start","worker":"49d0a1d06439:373:cache"} []
[2024-11-12 13:56:13] main.INFO: Starting worker 49d0a1d06439:389:email {"type":"start","worker":"49d0a1d06439:389:email"} []
[2024-11-12 13:56:14] main.INFO: Starting worker 49d0a1d06439:405:update {"type":"start","worker":"49d0a1d06439:405:update"} []
[2024-11-12 14:06:16] main.INFO: Starting worker 435e32053e94:495:default {"type":"start","worker":"435e32053e94:495:default"} []
[2024-11-12 14:06:16] main.INFO: Starting worker 435e32053e94:511:prio {"type":"start","worker":"435e32053e94:511:prio"} []
[2024-11-12 14:06:17] main.INFO: Starting worker 435e32053e94:527:cache {"type":"start","worker":"435e32053e94:527:cache"} []
[2024-11-12 14:06:17] main.INFO: Starting worker 435e32053e94:543:email {"type":"start","worker":"435e32053e94:543:email"} []
[2024-11-12 14:06:18] main.INFO: Starting worker 435e32053e94:559:update {"type":"start","worker":"435e32053e94:559:update"} []
[2024-11-12 14:07:46] main.ALERT: Redis exception caught: Connection lost {"type":"fail","log":"Connection lost","time":1731420466,"worker":"435e32053e94:495"} []
[2024-11-12 14:07:47] main.ALERT: Redis exception caught: Connection lost {"type":"fail","log":"Connection lost","time":1731420467,"worker":"435e32053e94:527"} []
[2024-11-12 14:07:47] main.ALERT: Redis exception caught: Connection lost {"type":"fail","log":"Connection lost","time":1731420467,"worker":"435e32053e94:511"} []
[2024-11-12 14:07:48] main.ALERT: Redis exception caught: Connection lost {"type":"fail","log":"Connection lost","time":1731420468,"worker":"435e32053e94:543"} []
[2024-11-12 14:07:48] main.ALERT: Redis exception caught: Connection lost {"type":"fail","log":"Connection lost","time":1731420468,"worker":"435e32053e94:559"} []
[2024-11-12 14:07:51] main.ALERT: Redis exception caught: Redis server redis:6379 went away {"type":"fail","log":"Redis server redis:6379 went away","time":1731420471,"worker":"435e32053e94:495"} []
[2024-11-12 14:07:52] main.ALERT: Redis exception caught: Redis server redis:6379 went away {"type":"fail","log":"Redis server redis:6379 went away","time":1731420472,"worker":"435e32053e94:527"} []
[2024-11-12 14:07:52] main.ALERT: Redis exception caught: Redis server redis:6379 went away {"type":"fail","log":"Redis server redis:6379 went away","time":1731420472,"worker":"435e32053e94:511"} []
[2024-11-12 14:07:53] main.ALERT: Redis exception caught: Redis server redis:6379 went away {"type":"fail","log":"Redis server redis:6379 went away","time":1731420473,"worker":"435e32053e94:543"} []
[2024-11-12 14:07:53] main.ALERT: Redis exception caught: Redis server redis:6379 went away {"type":"fail","log":"Redis server redis:6379 went away","time":1731420473,"worker":"435e32053e94:559"} []
[2024-11-12 14:14:28] main.INFO: Starting worker 4b61b55dd30f:476:default {"type":"start","worker":"4b61b55dd30f:476:default"} []
[2024-11-12 14:14:28] main.INFO: Starting worker 4b61b55dd30f:492:prio {"type":"start","worker":"4b61b55dd30f:492:prio"} []
[2024-11-12 14:14:28] main.INFO: Starting worker 4b61b55dd30f:508:cache {"type":"start","worker":"4b61b55dd30f:508:cache"} []
[2024-11-12 14:14:29] main.INFO: Starting worker 4b61b55dd30f:524:email {"type":"start","worker":"4b61b55dd30f:524:email"} []
[2024-11-12 14:14:29] main.INFO: Starting worker 4b61b55dd30f:540:update {"type":"start","worker":"4b61b55dd30f:540:update"} []
