[2024-12-26 21:23:40] main.INFO: Starting worker 6ef57e975fd6:592:default {"type":"start","worker":"6ef57e975fd6:592:default"} []
[2024-12-26 21:23:40] main.INFO: Starting worker 6ef57e975fd6:608:prio {"type":"start","worker":"6ef57e975fd6:608:prio"} []
[2024-12-26 21:23:41] main.INFO: Starting worker 6ef57e975fd6:624:cache {"type":"start","worker":"6ef57e975fd6:624:cache"} []
[2024-12-26 21:23:41] main.INFO: Starting worker 6ef57e975fd6:640:email {"type":"start","worker":"6ef57e975fd6:640:email"} []
[2024-12-26 21:23:42] main.INFO: Starting worker 6ef57e975fd6:656:update {"type":"start","worker":"6ef57e975fd6:656:update"} []
[2024-12-26 22:23:42] main.INFO: Exiting... {"type":"shutdown","worker":"6ef57e975fd6:592"} []
[2024-12-26 22:23:42] main.INFO: Exiting... {"type":"shutdown","worker":"6ef57e975fd6:608"} []
[2024-12-26 22:23:42] main.INFO: Exiting... {"type":"shutdown","worker":"6ef57e975fd6:624"} []
[2024-12-26 22:23:42] main.INFO: Exiting... {"type":"shutdown","worker":"6ef57e975fd6:640"} []
[2024-12-26 22:23:42] main.INFO: Exiting... {"type":"shutdown","worker":"6ef57e975fd6:656"} []
[2024-12-26 22:23:42] main.INFO: Starting worker 6ef57e975fd6:790:default {"type":"start","worker":"6ef57e975fd6:790:default"} []
[2024-12-26 22:23:43] main.INFO: Starting worker 6ef57e975fd6:806:prio {"type":"start","worker":"6ef57e975fd6:806:prio"} []
[2024-12-26 22:23:43] main.INFO: Starting worker 6ef57e975fd6:822:cache {"type":"start","worker":"6ef57e975fd6:822:cache"} []
[2024-12-26 22:23:44] main.INFO: Starting worker 6ef57e975fd6:838:email {"type":"start","worker":"6ef57e975fd6:838:email"} []
[2024-12-26 22:23:44] main.INFO: Starting worker 6ef57e975fd6:854:update {"type":"start","worker":"6ef57e975fd6:854:update"} []
[2024-12-26 23:23:45] main.INFO: Exiting... {"type":"shutdown","worker":"6ef57e975fd6:790"} []
[2024-12-26 23:23:45] main.INFO: Exiting... {"type":"shutdown","worker":"6ef57e975fd6:806"} []
[2024-12-26 23:23:45] main.INFO: Exiting... {"type":"shutdown","worker":"6ef57e975fd6:822"} []
[2024-12-26 23:23:45] main.INFO: Exiting... {"type":"shutdown","worker":"6ef57e975fd6:838"} []
[2024-12-26 23:23:45] main.INFO: Exiting... {"type":"shutdown","worker":"6ef57e975fd6:854"} []
[2024-12-26 23:23:45] main.INFO: Starting worker 6ef57e975fd6:988:default {"type":"start","worker":"6ef57e975fd6:988:default"} []
[2024-12-26 23:23:45] main.INFO: Starting worker 6ef57e975fd6:1004:prio {"type":"start","worker":"6ef57e975fd6:1004:prio"} []
[2024-12-26 23:23:46] main.INFO: Starting worker 6ef57e975fd6:1020:cache {"type":"start","worker":"6ef57e975fd6:1020:cache"} []
[2024-12-26 23:23:46] main.INFO: Starting worker 6ef57e975fd6:1036:email {"type":"start","worker":"6ef57e975fd6:1036:email"} []
[2024-12-26 23:23:47] main.INFO: Starting worker 6ef57e975fd6:1052:update {"type":"start","worker":"6ef57e975fd6:1052:update"} []
