[2024-11-07 19:12:51] main.INFO: Starting worker 7263ace3cd2f:332:default {"type":"start","worker":"7263ace3cd2f:332:default"} []
[2024-11-07 19:12:53] main.INFO: Starting worker 7263ace3cd2f:348:prio {"type":"start","worker":"7263ace3cd2f:348:prio"} []
[2024-11-07 19:12:56] main.INFO: Starting worker 7263ace3cd2f:364:cache {"type":"start","worker":"7263ace3cd2f:364:cache"} []
[2024-11-07 19:12:59] main.INFO: Starting worker 7263ace3cd2f:380:email {"type":"start","worker":"7263ace3cd2f:380:email"} []
[2024-11-07 19:13:02] main.INFO: Starting worker 7263ace3cd2f:396:update {"type":"start","worker":"7263ace3cd2f:396:update"} []
[2024-11-07 20:13:05] main.INFO: Exiting... {"type":"shutdown","worker":"7263ace3cd2f:332"} []
[2024-11-07 20:13:06] main.INFO: Exiting... {"type":"shutdown","worker":"7263ace3cd2f:348"} []
[2024-11-07 20:13:06] main.INFO: Exiting... {"type":"shutdown","worker":"7263ace3cd2f:364"} []
[2024-11-07 20:13:06] main.INFO: Exiting... {"type":"shutdown","worker":"7263ace3cd2f:380"} []
[2024-11-07 20:13:06] main.INFO: Exiting... {"type":"shutdown","worker":"7263ace3cd2f:396"} []
[2024-11-07 20:13:06] main.INFO: Starting worker 7263ace3cd2f:541:default {"type":"start","worker":"7263ace3cd2f:541:default"} []
[2024-11-07 20:13:07] main.INFO: Starting worker 7263ace3cd2f:557:prio {"type":"start","worker":"7263ace3cd2f:557:prio"} []
[2024-11-07 20:13:07] main.INFO: Starting worker 7263ace3cd2f:573:cache {"type":"start","worker":"7263ace3cd2f:573:cache"} []
[2024-11-07 20:13:08] main.INFO: Starting worker 7263ace3cd2f:589:email {"type":"start","worker":"7263ace3cd2f:589:email"} []
[2024-11-07 20:13:08] main.INFO: Starting worker 7263ace3cd2f:605:update {"type":"start","worker":"7263ace3cd2f:605:update"} []
[2024-11-07 21:13:07] main.INFO: Exiting... {"type":"shutdown","worker":"7263ace3cd2f:541"} []
[2024-11-07 21:13:07] main.INFO: Exiting... {"type":"shutdown","worker":"7263ace3cd2f:557"} []
[2024-11-07 21:13:07] main.INFO: Exiting... {"type":"shutdown","worker":"7263ace3cd2f:573"} []
[2024-11-07 21:13:07] main.INFO: Exiting... {"type":"shutdown","worker":"7263ace3cd2f:589"} []
[2024-11-07 21:13:07] main.INFO: Exiting... {"type":"shutdown","worker":"7263ace3cd2f:605"} []
[2024-11-07 21:13:08] main.INFO: Starting worker 7263ace3cd2f:749:default {"type":"start","worker":"7263ace3cd2f:749:default"} []
[2024-11-07 21:13:08] main.INFO: Starting worker 7263ace3cd2f:765:prio {"type":"start","worker":"7263ace3cd2f:765:prio"} []
[2024-11-07 21:13:09] main.INFO: Starting worker 7263ace3cd2f:781:cache {"type":"start","worker":"7263ace3cd2f:781:cache"} []
[2024-11-07 21:13:09] main.INFO: Starting worker 7263ace3cd2f:797:email {"type":"start","worker":"7263ace3cd2f:797:email"} []
[2024-11-07 21:13:10] main.INFO: Starting worker 7263ace3cd2f:813:update {"type":"start","worker":"7263ace3cd2f:813:update"} []
[2024-11-07 22:13:11] main.INFO: Exiting... {"type":"shutdown","worker":"7263ace3cd2f:749"} []
[2024-11-07 22:13:11] main.INFO: Exiting... {"type":"shutdown","worker":"7263ace3cd2f:765"} []
[2024-11-07 22:13:11] main.INFO: Exiting... {"type":"shutdown","worker":"7263ace3cd2f:781"} []
[2024-11-07 22:13:11] main.INFO: Exiting... {"type":"shutdown","worker":"7263ace3cd2f:797"} []
[2024-11-07 22:13:12] main.INFO: Exiting... {"type":"shutdown","worker":"7263ace3cd2f:813"} []
[2024-11-07 22:13:12] main.INFO: Starting worker 7263ace3cd2f:957:default {"type":"start","worker":"7263ace3cd2f:957:default"} []
[2024-11-07 22:13:12] main.INFO: Starting worker 7263ace3cd2f:973:prio {"type":"start","worker":"7263ace3cd2f:973:prio"} []
[2024-11-07 22:13:13] main.INFO: Starting worker 7263ace3cd2f:989:cache {"type":"start","worker":"7263ace3cd2f:989:cache"} []
[2024-11-07 22:13:14] main.INFO: Starting worker 7263ace3cd2f:1005:email {"type":"start","worker":"7263ace3cd2f:1005:email"} []
[2024-11-07 22:13:14] main.INFO: Starting worker 7263ace3cd2f:1021:update {"type":"start","worker":"7263ace3cd2f:1021:update"} []
[2024-11-07 22:19:27] main.INFO: Starting worker cfb4e5c9c572:593:default {"type":"start","worker":"cfb4e5c9c572:593:default"} []
[2024-11-07 22:19:27] main.INFO: Starting worker cfb4e5c9c572:609:prio {"type":"start","worker":"cfb4e5c9c572:609:prio"} []
[2024-11-07 22:19:28] main.INFO: Starting worker cfb4e5c9c572:625:cache {"type":"start","worker":"cfb4e5c9c572:625:cache"} []
[2024-11-07 22:19:29] main.INFO: Starting worker cfb4e5c9c572:641:email {"type":"start","worker":"cfb4e5c9c572:641:email"} []
[2024-11-07 22:19:29] main.INFO: Starting worker cfb4e5c9c572:657:update {"type":"start","worker":"cfb4e5c9c572:657:update"} []
[2024-11-07 22:54:38] main.INFO: Starting worker 78357444e95b:499:default {"type":"start","worker":"78357444e95b:499:default"} []
[2024-11-07 22:54:38] main.INFO: Starting worker 78357444e95b:515:prio {"type":"start","worker":"78357444e95b:515:prio"} []
[2024-11-07 22:54:39] main.INFO: Starting worker 78357444e95b:531:cache {"type":"start","worker":"78357444e95b:531:cache"} []
[2024-11-07 22:54:39] main.INFO: Starting worker 78357444e95b:547:email {"type":"start","worker":"78357444e95b:547:email"} []
[2024-11-07 22:54:40] main.INFO: Starting worker 78357444e95b:563:update {"type":"start","worker":"78357444e95b:563:update"} []
[2024-11-07 23:14:29] main.INFO: Starting worker 5d2a10fa8a8c:556:default {"type":"start","worker":"5d2a10fa8a8c:556:default"} []
[2024-11-07 23:14:30] main.INFO: Starting worker 5d2a10fa8a8c:572:prio {"type":"start","worker":"5d2a10fa8a8c:572:prio"} []
[2024-11-07 23:14:30] main.INFO: Starting worker 5d2a10fa8a8c:588:cache {"type":"start","worker":"5d2a10fa8a8c:588:cache"} []
[2024-11-07 23:14:31] main.INFO: Starting worker 5d2a10fa8a8c:604:email {"type":"start","worker":"5d2a10fa8a8c:604:email"} []
[2024-11-07 23:14:31] main.INFO: Starting worker 5d2a10fa8a8c:620:update {"type":"start","worker":"5d2a10fa8a8c:620:update"} []
[2024-11-07 23:24:25] main.INFO: Starting worker 0db3bdb15a05:565:default {"type":"start","worker":"0db3bdb15a05:565:default"} []
[2024-11-07 23:24:26] main.INFO: Starting worker 0db3bdb15a05:581:prio {"type":"start","worker":"0db3bdb15a05:581:prio"} []
[2024-11-07 23:24:26] main.INFO: Starting worker 0db3bdb15a05:597:cache {"type":"start","worker":"0db3bdb15a05:597:cache"} []
[2024-11-07 23:24:27] main.INFO: Starting worker 0db3bdb15a05:613:email {"type":"start","worker":"0db3bdb15a05:613:email"} []
[2024-11-07 23:24:28] main.INFO: Starting worker 0db3bdb15a05:629:update {"type":"start","worker":"0db3bdb15a05:629:update"} []
[2024-11-07 23:34:42] main.INFO: Starting worker b7a5dba7256f:559:default {"type":"start","worker":"b7a5dba7256f:559:default"} []
[2024-11-07 23:34:42] main.INFO: Starting worker b7a5dba7256f:575:prio {"type":"start","worker":"b7a5dba7256f:575:prio"} []
[2024-11-07 23:34:43] main.INFO: Starting worker b7a5dba7256f:591:cache {"type":"start","worker":"b7a5dba7256f:591:cache"} []
[2024-11-07 23:34:44] main.INFO: Starting worker b7a5dba7256f:607:email {"type":"start","worker":"b7a5dba7256f:607:email"} []
[2024-11-07 23:34:44] main.INFO: Starting worker b7a5dba7256f:623:update {"type":"start","worker":"b7a5dba7256f:623:update"} []
[2024-11-07 23:47:56] main.INFO: Starting worker f4af637305bc:534:default {"type":"start","worker":"f4af637305bc:534:default"} []
[2024-11-07 23:47:57] main.INFO: Starting worker f4af637305bc:550:prio {"type":"start","worker":"f4af637305bc:550:prio"} []
[2024-11-07 23:47:57] main.INFO: Starting worker f4af637305bc:566:cache {"type":"start","worker":"f4af637305bc:566:cache"} []
[2024-11-07 23:47:58] main.INFO: Starting worker f4af637305bc:582:email {"type":"start","worker":"f4af637305bc:582:email"} []
[2024-11-07 23:47:58] main.INFO: Starting worker f4af637305bc:598:update {"type":"start","worker":"f4af637305bc:598:update"} []
[2024-11-07 23:58:03] main.INFO: Starting worker ee1cb2c2759a:537:default {"type":"start","worker":"ee1cb2c2759a:537:default"} []
[2024-11-07 23:58:04] main.INFO: Starting worker ee1cb2c2759a:553:prio {"type":"start","worker":"ee1cb2c2759a:553:prio"} []
[2024-11-07 23:58:05] main.INFO: Starting worker ee1cb2c2759a:569:cache {"type":"start","worker":"ee1cb2c2759a:569:cache"} []
[2024-11-07 23:58:06] main.INFO: Starting worker ee1cb2c2759a:585:email {"type":"start","worker":"ee1cb2c2759a:585:email"} []
[2024-11-07 23:58:07] main.INFO: Starting worker ee1cb2c2759a:601:update {"type":"start","worker":"ee1cb2c2759a:601:update"} []
