[2024-11-19 13:56:22] main.INFO: Starting worker aacd87516dc4:511:default {"type":"start","worker":"aacd87516dc4:511:default"} []
[2024-11-19 13:56:23] main.INFO: Starting worker aacd87516dc4:527:prio {"type":"start","worker":"aacd87516dc4:527:prio"} []
[2024-11-19 13:56:23] main.INFO: Starting worker aacd87516dc4:543:cache {"type":"start","worker":"aacd87516dc4:543:cache"} []
[2024-11-19 13:56:23] main.INFO: Starting worker aacd87516dc4:559:email {"type":"start","worker":"aacd87516dc4:559:email"} []
[2024-11-19 13:56:24] main.INFO: Starting worker aacd87516dc4:575:update {"type":"start","worker":"aacd87516dc4:575:update"} []
[2024-11-19 14:08:13] main.ALERT: Redis exception caught: Connection lost {"type":"fail","log":"Connection lost","time":1732025293,"worker":"aacd87516dc4:511"} []
[2024-11-19 14:08:13] main.ALERT: Redis exception caught: Connection lost {"type":"fail","log":"Connection lost","time":1732025293,"worker":"aacd87516dc4:527"} []
[2024-11-19 14:08:13] main.ALERT: Redis exception caught: Connection lost {"type":"fail","log":"Connection lost","time":1732025293,"worker":"aacd87516dc4:543"} []
[2024-11-19 14:08:18] main.ALERT: Redis exception caught: Redis server redis:6379 went away {"type":"fail","log":"Redis server redis:6379 went away","time":1732025298,"worker":"aacd87516dc4:511"} []
[2024-11-19 14:08:18] main.ALERT: Redis exception caught: Redis server redis:6379 went away {"type":"fail","log":"Redis server redis:6379 went away","time":1732025298,"worker":"aacd87516dc4:527"} []
[2024-11-19 14:08:18] main.ALERT: Redis exception caught: Redis server redis:6379 went away {"type":"fail","log":"Redis server redis:6379 went away","time":1732025298,"worker":"aacd87516dc4:543"} []
[2024-11-19 15:16:18] main.INFO: Starting worker aacd87516dc4:585:default {"type":"start","worker":"aacd87516dc4:585:default"} []
[2024-11-19 15:16:19] main.INFO: Starting worker aacd87516dc4:601:prio {"type":"start","worker":"aacd87516dc4:601:prio"} []
[2024-11-19 15:16:19] main.INFO: Starting worker aacd87516dc4:617:cache {"type":"start","worker":"aacd87516dc4:617:cache"} []
[2024-11-19 15:16:20] main.INFO: Starting worker aacd87516dc4:634:email {"type":"start","worker":"aacd87516dc4:634:email"} []
[2024-11-19 15:16:20] main.INFO: Starting worker aacd87516dc4:650:update {"type":"start","worker":"aacd87516dc4:650:update"} []
[2024-11-19 16:16:21] main.INFO: Exiting... {"type":"shutdown","worker":"aacd87516dc4:585"} []
[2024-11-19 16:16:21] main.INFO: Exiting... {"type":"shutdown","worker":"aacd87516dc4:601"} []
[2024-11-19 16:16:21] main.INFO: Exiting... {"type":"shutdown","worker":"aacd87516dc4:617"} []
[2024-11-19 16:16:21] main.INFO: Exiting... {"type":"shutdown","worker":"aacd87516dc4:634"} []
[2024-11-19 16:16:21] main.INFO: Exiting... {"type":"shutdown","worker":"aacd87516dc4:650"} []
[2024-11-19 16:16:21] main.INFO: Starting worker aacd87516dc4:795:default {"type":"start","worker":"aacd87516dc4:795:default"} []
[2024-11-19 16:16:22] main.INFO: Starting worker aacd87516dc4:811:prio {"type":"start","worker":"aacd87516dc4:811:prio"} []
[2024-11-19 16:16:22] main.INFO: Starting worker aacd87516dc4:827:cache {"type":"start","worker":"aacd87516dc4:827:cache"} []
[2024-11-19 16:16:23] main.INFO: Starting worker aacd87516dc4:843:email {"type":"start","worker":"aacd87516dc4:843:email"} []
[2024-11-19 16:16:23] main.INFO: Starting worker aacd87516dc4:859:update {"type":"start","worker":"aacd87516dc4:859:update"} []
